app/build/outputs/logs/manifest-merger-debug-report.txt
-- Merging decision tree log ---
manifest
ADDED from src\main\AndroidManifest.xml:2:1-109:12
	package
		ADDED from src\main\AndroidManifest.xml:3:5-27
		INJECTED from src\main\AndroidManifest.xml
		INJECTED from src\main\AndroidManifest.xml
	android:versionName
		ADDED from src\main\AndroidManifest.xml:5:5-30
		INJECTED from src\main\AndroidManifest.xml
		INJECTED from src\main\AndroidManifest.xml
	android:versionCode
		ADDED from src\main\AndroidManifest.xml:4:5-28
		INJECTED from src\main\AndroidManifest.xml
		INJECTED from src\main\AndroidManifest.xml
	xmlns:android
		ADDED from src\main\AndroidManifest.xml:2:11-69
uses-sdk
ADDED from src\main\AndroidManifest.xml:7:5-9:41
MERGED from [com.android.support:appcompat-v7:23.4.0] AndroidManifest.xml:21:5-23:78
MERGED from [com.android.support:animated-vector-drawable:23.4.0] AndroidManifest.xml:5:5-44
MERGED from [com.android.support:support-vector-drawable:23.4.0] AndroidManifest.xml:5:5-43
MERGED from [com.android.support:support-v4:23.4.0] AndroidManifest.xml:20:5-43
MERGED from [com.android.support:support-v4:23.4.0] AndroidManifest.xml:20:5-43
MERGED from [com.android.support:support-vector-drawable:23.4.0] AndroidManifest.xml:5:5-43
MERGED from [com.android.support:support-v4:23.4.0] AndroidManifest.xml:20:5-43
MERGED from [com.android.support:support-v4:23.4.0] AndroidManifest.xml:20:5-43
	tools:overrideLibrary
		ADDED from [com.android.support:appcompat-v7:23.4.0] AndroidManifest.xml:23:9-75
	android:targetSdkVersion
		ADDED from src\main\AndroidManifest.xml:9:9-38
		INJECTED from src\main\AndroidManifest.xml
		INJECTED from src\main\AndroidManifest.xml
	android:minSdkVersion
		ADDED from src\main\AndroidManifest.xml:8:9-35
		INJECTED from src\main\AndroidManifest.xml
		INJECTED from src\main\AndroidManifest.xml
uses-permission#android.permission.READ_CONTACTS
ADDED from src\main\AndroidManifest.xml:11:5-72
	android:name
		ADDED from src\main\AndroidManifest.xml:11:22-69
uses-permission#android.permission.WRITE_CONTACTS
ADDED from src\main\AndroidManifest.xml:12:5-73
	android:name
		ADDED from src\main\AndroidManifest.xml:12:22-70
uses-permission#android.permission.CALL_PHONE
ADDED from src\main\AndroidManifest.xml:13:5-69
	android:name
		ADDED from src\main\AndroidManifest.xml:13:22-66
uses-permission#android.permission.RECEIVE_BOOT_COMPLETED
ADDED from src\main\AndroidManifest.xml:14:5-81
	android:name
		ADDED from src\main\AndroidManifest.xml:14:22-78
uses-permission#android.permission.VIBRATE
ADDED from src\main\AndroidManifest.xml:15:5-66
	android:name
		ADDED from src\main\AndroidManifest.xml:15:22-63
uses-permission#android.permission.INTERNET
ADDED from src\main\AndroidManifest.xml:16:5-67
	android:name
		ADDED from src\main\AndroidManifest.xml:16:22-64
uses-permission#android.permission.ACCESS_NETWORK_STATE
ADDED from src\main\AndroidManifest.xml:17:5-79
	android:name
		ADDED from src\main\AndroidManifest.xml:17:22-76
android:uses-permission#android.permission.WRITE_EXTERNAL_STORAGE
ADDED from src\main\AndroidManifest.xml:19:5-89
	android:name
		ADDED from src\main\AndroidManifest.xml:19:30-86
android:uses-permission#android.permission.READ_PHONE_STATE
ADDED from src\main\AndroidManifest.xml:20:5-83
	android:name
		ADDED from src\main\AndroidManifest.xml:20:30-80
android:uses-permission#android.permission.READ_EXTERNAL_STORAGE
ADDED from src\main\AndroidManifest.xml:21:5-88
	android:name
		ADDED from src\main\AndroidManifest.xml:21:30-85
application
ADDED from src\main\AndroidManifest.xml:23:5-107:19
MERGED from [com.android.support:appcompat-v7:23.4.0] AndroidManifest.xml:25:5-20
MERGED from [com.android.support:animated-vector-drawable:23.4.0] AndroidManifest.xml:7:5-20
MERGED from [com.android.support:support-vector-drawable:23.4.0] AndroidManifest.xml:7:5-20
MERGED from [com.android.support:support-v4:23.4.0] AndroidManifest.xml:22:5-20
MERGED from [com.android.support:support-v4:23.4.0] AndroidManifest.xml:22:5-20
MERGED from [com.android.support:support-vector-drawable:23.4.0] AndroidManifest.xml:7:5-20
MERGED from [com.android.support:support-v4:23.4.0] AndroidManifest.xml:22:5-20
MERGED from [com.android.support:support-v4:23.4.0] AndroidManifest.xml:22:5-20
	android:label
		ADDED from src\main\AndroidManifest.xml:27:9-41
	android:allowBackup
		ADDED from src\main\AndroidManifest.xml:24:9-35
	android:icon
		ADDED from src\main\AndroidManifest.xml:26:9-45
	android:description
		ADDED from src\main\AndroidManifest.xml:25:9-54
	android:theme
		ADDED from src\main\AndroidManifest.xml:28:9-56
activity#com.aloh.YOU.ui.ContactsListActivity
ADDED from src\main\AndroidManifest.xml:29:9-41:20
	android:screenOrientation
		ADDED from src\main\AndroidManifest.xml:32:13-49
	android:label
		ADDED from src\main\AndroidManifest.xml:31:13-45
	android:windowSoftInputMode
		ADDED from src\main\AndroidManifest.xml:33:13-54
	android:name
		ADDED from src\main\AndroidManifest.xml:30:13-64
intent-filter#android.intent.action.SEARCH
ADDED from src\main\AndroidManifest.xml:34:13-36:29
action#android.intent.action.SEARCH
ADDED from src\main\AndroidManifest.xml:35:17-71
	android:name
		ADDED from src\main\AndroidManifest.xml:35:25-68
meta-data#android.app.searchable
ADDED from src\main\AndroidManifest.xml:38:13-40:63
	android:resource
		ADDED from src\main\AndroidManifest.xml:40:17-60
	android:name
		ADDED from src\main\AndroidManifest.xml:39:17-54
activity#com.aloh.YOU.ui.ContactDetailActivity
ADDED from src\main\AndroidManifest.xml:42:9-50:20
	android:screenOrientation
		ADDED from src\main\AndroidManifest.xml:46:13-49
	android:label
		ADDED from src\main\AndroidManifest.xml:44:13-60
	android:parentActivityName
		ADDED from src\main\AndroidManifest.xml:45:13-78
	android:name
		ADDED from src\main\AndroidManifest.xml:43:13-65
meta-data#android.support.PARENT_ACTIVITY
ADDED from src\main\AndroidManifest.xml:47:13-49:72
	android:value
		ADDED from src\main\AndroidManifest.xml:49:17-69
	android:name
		ADDED from src\main\AndroidManifest.xml:48:17-63
activity#com.aloh.YOU.ui.History
ADDED from src\main\AndroidManifest.xml:51:9-54:47
	android:label
		ADDED from src\main\AndroidManifest.xml:54:13-44
	android:excludeFromRecents
		ADDED from src\main\AndroidManifest.xml:53:13-46
	android:name
		ADDED from src\main\AndroidManifest.xml:52:13-51
activity#com.aloh.YOU.ui.Help
ADDED from src\main\AndroidManifest.xml:55:9-57:48
	android:label
		ADDED from src\main\AndroidManifest.xml:57:13-45
	android:name
		ADDED from src\main\AndroidManifest.xml:56:13-48
activity#com.aloh.YOU.ui.Settings
ADDED from src\main\AndroidManifest.xml:58:9-61:52
	android:screenOrientation
		ADDED from src\main\AndroidManifest.xml:61:13-49
	android:label
		ADDED from src\main\AndroidManifest.xml:60:13-45
	android:name
		ADDED from src\main\AndroidManifest.xml:59:13-52
activity#com.aloh.YOU.ui.HelpBalance
ADDED from src\main\AndroidManifest.xml:62:9-64:48
	android:label
		ADDED from src\main\AndroidManifest.xml:64:13-45
	android:name
		ADDED from src\main\AndroidManifest.xml:63:13-55
activity#com.aloh.YOU.ui.Instruct
ADDED from src\main\AndroidManifest.xml:65:9-67:48
	android:label
		ADDED from src\main\AndroidManifest.xml:67:13-45
	android:name
		ADDED from src\main\AndroidManifest.xml:66:13-52
activity#com.aloh.YOU.ui.Faq
ADDED from src\main\AndroidManifest.xml:68:9-70:43
	android:label
		ADDED from src\main\AndroidManifest.xml:70:13-40
	android:name
		ADDED from src\main\AndroidManifest.xml:69:13-47
activity#com.aloh.YOU.ui.Contact
ADDED from src\main\AndroidManifest.xml:71:9-74:52
	android:screenOrientation
		ADDED from src\main\AndroidManifest.xml:74:13-49
	android:label
		ADDED from src\main\AndroidManifest.xml:73:13-45
	android:name
		ADDED from src\main\AndroidManifest.xml:72:13-51
activity#com.aloh.YOU.ui.Tos
ADDED from src\main\AndroidManifest.xml:75:9-77:48
	android:label
		ADDED from src\main\AndroidManifest.xml:77:13-45
	android:name
		ADDED from src\main\AndroidManifest.xml:76:13-47
receiver#com.aloh.YOU.sms.SmsListener
ADDED from src\main\AndroidManifest.xml:79:9-83:20
	android:name
		ADDED from src\main\AndroidManifest.xml:79:19-62
intent-filter#android.provider.Telephony.SMS_RECEIVED
ADDED from src\main\AndroidManifest.xml:80:13-82:29
action#android.provider.Telephony.SMS_RECEIVED
ADDED from src\main\AndroidManifest.xml:81:17-82
	android:name
		ADDED from src\main\AndroidManifest.xml:81:25-79
receiver#com.aloh.YOU.util.BootReceiver
ADDED from src\main\AndroidManifest.xml:84:9-91:20
	android:enabled
		ADDED from src\main\AndroidManifest.xml:86:13-35
	android:exported
		ADDED from src\main\AndroidManifest.xml:87:13-37
	android:name
		ADDED from src\main\AndroidManifest.xml:85:13-58
intent-filter#android.intent.action.BOOT_COMPLETED
ADDED from src\main\AndroidManifest.xml:88:13-90:29
action#android.intent.action.BOOT_COMPLETED
ADDED from src\main\AndroidManifest.xml:89:17-79
	android:name
		ADDED from src\main\AndroidManifest.xml:89:25-76
activity#com.aloh.YOU.ui.Main2Activity
ADDED from src\main\AndroidManifest.xml:93:9-94:20
	android:name
		ADDED from src\main\AndroidManifest.xml:93:19-63
activity#com.aloh.YOU.ui.MsjLlamada
ADDED from src\main\AndroidManifest.xml:95:9-63
	android:name
		ADDED from src\main\AndroidManifest.xml:95:19-60
activity#com.aloh.YOU.ui.FullscreenActivity
ADDED from src\main\AndroidManifest.xml:96:9-106:20
	android:label
		ADDED from src\main\AndroidManifest.xml:99:13-45
	android:configChanges
		ADDED from src\main\AndroidManifest.xml:98:13-74
	android:theme
		ADDED from src\main\AndroidManifest.xml:100:13-51
	android:name
		ADDED from src\main\AndroidManifest.xml:97:13-62
intent-filter#android.intent.action.MAIN+android.intent.category.LAUNCHER
ADDED from src\main\AndroidManifest.xml:101:13-105:29
action#android.intent.action.MAIN
ADDED from src\main\AndroidManifest.xml:102:17-69
	android:name
		ADDED from src\main\AndroidManifest.xml:102:25-66
category#android.intent.category.LAUNCHER
ADDED from src\main\AndroidManifest.xml:104:17-77
	android:name
		ADDED from src\main\AndroidManifest.xml:104:27-74